24/01/24 17:59:52:036 - TLibConsultaCNPJConfig.AplicarConfiguracoes: C:\ACBrLibConsultaCNPJPython\ACBrConsultaCNPJ.INI
24/01/24 17:59:52:040 - TLibConsultaCNPJConfig.Gravar: C:\ACBrLibConsultaCNPJPython\ACBrConsultaCNPJ.INI
24/01/24 17:59:52:049 - TLibConsultaCNPJConfig.Gravar - Feito
24/01/24 17:59:52:051 - TLibConsultaCNPJConfig.AplicarConfiguracoes - Feito
24/01/24 17:59:52:054 - TLibConsultaCNPJConfig.Ler - Feito
24/01/24 17:59:52:056 - LIB_Inicializar( C:\ACBrLibConsultaCNPJPython\ACBrConsultaCNPJ.INI,  )
24/01/24 17:59:52:058 -    ACBrLibConsultaCNPJ - 0.0.0.40
24/01/24 17:59:52:060 - CNPJ_Consultar ( 27329866000105,2 )
24/01/24 17:59:52:062 - Travar
24/01/24 17:59:52:771 - Destravar
24/01/24 17:59:52:773 -    MoverStringParaPChar. StrLen:534, BufLen:0
24/01/24 17:59:52:776 -    SetRetorno(0, )
24/01/24 17:59:52:780 - LIB_UltimoRetorno
24/01/24 17:59:52:782 -    MoverStringParaPChar. StrLen:0, BufLen:534
24/01/24 17:59:52:785 -    Codigo:0, Mensagem:
24/01/24 17:59:52:787 - LIB_Finalizar
24/01/24 17:59:52:790 - Finalizar
24/01/24 18:02:06:897 - TLibConsultaCNPJConfig.AplicarConfiguracoes: C:\ACBrLibConsultaCNPJPython\ACBrConsultaCNPJ.INI
24/01/24 18:02:06:900 - TLibConsultaCNPJConfig.Gravar: C:\ACBrLibConsultaCNPJPython\ACBrConsultaCNPJ.INI
24/01/24 18:02:06:910 - TLibConsultaCNPJConfig.Gravar - Feito
24/01/24 18:02:06:913 - TLibConsultaCNPJConfig.AplicarConfiguracoes - Feito
24/01/24 18:02:06:914 - TLibConsultaCNPJConfig.Ler - Feito
24/01/24 18:02:06:917 - LIB_Inicializar( C:\ACBrLibConsultaCNPJPython\ACBrConsultaCNPJ.INI,  )
24/01/24 18:02:06:920 -    ACBrLibConsultaCNPJ - 0.0.0.40
24/01/24 18:02:06:923 - CNPJ_Consultar ( 27329866000105,2 )
24/01/24 18:02:06:925 - Travar
24/01/24 18:02:07:567 - Destravar
24/01/24 18:02:07:569 -    MoverStringParaPChar. StrLen:534, BufLen:0
24/01/24 18:02:07:572 -    SetRetorno(0, )
24/01/24 18:02:07:575 - LIB_UltimoRetorno
24/01/24 18:02:07:577 -    MoverStringParaPChar. StrLen:0, BufLen:534
24/01/24 18:02:07:579 -    Codigo:0, Mensagem:
24/01/24 18:02:07:584 - LIB_Finalizar
24/01/24 18:02:07:587 - Finalizar
24/01/24 18:33:05:562 - TLibConsultaCNPJConfig.AplicarConfiguracoes: C:\ACBrLibConsultaCNPJPython\ACBrConsultaCNPJ.INI
24/01/24 18:33:05:565 - TLibConsultaCNPJConfig.Gravar: C:\ACBrLibConsultaCNPJPython\ACBrConsultaCNPJ.INI
24/01/24 18:33:05:579 - TLibConsultaCNPJConfig.Gravar - Feito
24/01/24 18:33:05:581 - TLibConsultaCNPJConfig.AplicarConfiguracoes - Feito
24/01/24 18:33:05:586 - TLibConsultaCNPJConfig.Ler - Feito
24/01/24 18:33:05:588 - LIB_Inicializar( C:\ACBrLibConsultaCNPJPython\ACBrConsultaCNPJ.INI,  )
24/01/24 18:33:05:591 -    ACBrLibConsultaCNPJ - 0.0.0.40
24/01/24 18:33:05:595 - CNPJ_Consultar ( 27329866000105,2 )
24/01/24 18:33:05:597 - Travar
24/01/24 18:33:06:278 - Destravar
24/01/24 18:33:06:281 -    MoverStringParaPChar. StrLen:534, BufLen:0
24/01/24 18:33:06:285 -    SetRetorno(0, )
24/01/24 18:33:06:307 - LIB_UltimoRetorno
24/01/24 18:33:06:310 -    MoverStringParaPChar. StrLen:0, BufLen:534
24/01/24 18:33:06:313 -    Codigo:0, Mensagem:
24/01/24 18:33:06:315 - LIB_Finalizar
24/01/24 18:33:06:318 - Finalizar
24/01/24 18:36:54:024 - TLibConsultaCNPJConfig.AplicarConfiguracoes: C:\ACBrLibConsultaCNPJPython\ACBrConsultaCNPJ.INI
24/01/24 18:36:54:026 - TLibConsultaCNPJConfig.Gravar: C:\ACBrLibConsultaCNPJPython\ACBrConsultaCNPJ.INI
24/01/24 18:36:54:041 - TLibConsultaCNPJConfig.Gravar - Feito
24/01/24 18:36:54:044 - TLibConsultaCNPJConfig.AplicarConfiguracoes - Feito
24/01/24 18:36:54:048 - TLibConsultaCNPJConfig.Ler - Feito
24/01/24 18:36:54:050 - LIB_Inicializar( C:\ACBrLibConsultaCNPJPython\ACBrConsultaCNPJ.INI,  )
24/01/24 18:36:54:054 -    ACBrLibConsultaCNPJ - 0.0.0.40
24/01/24 18:36:54:056 - LIB_Nome
24/01/24 18:36:54:060 -    MoverStringParaPChar. StrLen:19, BufLen:0
24/01/24 18:36:54:062 -    Nome:, len:19
24/01/24 18:36:54:066 -    SetRetorno(0, ACBrLibConsultaCNPJ)
24/01/24 18:36:54:070 - LIB_UltimoRetorno
24/01/24 18:36:54:074 -    MoverStringParaPChar. StrLen:19, BufLen:19
24/01/24 18:36:54:076 -    Codigo:0, Mensagem:ACBrLibConsultaCNPJ
24/01/24 18:36:54:078 - LIB_Finalizar
24/01/24 18:36:54:081 - Finalizar
24/01/24 18:37:12:292 - TLibConsultaCNPJConfig.AplicarConfiguracoes: C:\ACBrLibConsultaCNPJPython\ACBrConsultaCNPJ.INI
24/01/24 18:37:12:299 - TLibConsultaCNPJConfig.Gravar: C:\ACBrLibConsultaCNPJPython\ACBrConsultaCNPJ.INI
24/01/24 18:37:12:319 - TLibConsultaCNPJConfig.Gravar - Feito
24/01/24 18:37:12:323 - TLibConsultaCNPJConfig.AplicarConfiguracoes - Feito
24/01/24 18:37:12:326 - TLibConsultaCNPJConfig.Ler - Feito
24/01/24 18:37:12:329 - LIB_Inicializar( C:\ACBrLibConsultaCNPJPython\ACBrConsultaCNPJ.INI,  )
24/01/24 18:37:12:333 -    ACBrLibConsultaCNPJ - 0.0.0.40
24/01/24 18:37:12:336 - LIB_Versao
24/01/24 18:37:12:339 -    MoverStringParaPChar. StrLen:8, BufLen:0
24/01/24 18:37:12:342 -    Versao:, len:8
24/01/24 18:37:12:345 -    SetRetorno(0, 0.0.0.40)
24/01/24 18:37:12:347 - LIB_UltimoRetorno
24/01/24 18:37:12:350 -    MoverStringParaPChar. StrLen:8, BufLen:8
24/01/24 18:37:12:352 -    Codigo:0, Mensagem:0.0.0.40
24/01/24 18:37:12:356 - LIB_Finalizar
24/01/24 18:37:12:362 - Finalizar
24/01/24 18:39:18:760 - TLibConsultaCNPJConfig.AplicarConfiguracoes: C:\ACBrLibConsultaCNPJPython\ACBrConsultaCNPJ.INI
24/01/24 18:39:18:762 - TLibConsultaCNPJConfig.Gravar: C:\ACBrLibConsultaCNPJPython\ACBrConsultaCNPJ.INI
24/01/24 18:39:18:777 - TLibConsultaCNPJConfig.Gravar - Feito
24/01/24 18:39:18:780 - TLibConsultaCNPJConfig.AplicarConfiguracoes - Feito
24/01/24 18:39:18:783 - TLibConsultaCNPJConfig.Ler - Feito
24/01/24 18:39:18:786 - LIB_Inicializar( C:\ACBrLibConsultaCNPJPython\ACBrConsultaCNPJ.INI,  )
24/01/24 18:39:18:790 -    ACBrLibConsultaCNPJ - 0.0.0.40
24/01/24 18:39:18:793 - CNPJ_Consultar ( 27329866000105,2 )
24/01/24 18:39:18:796 - Travar
24/01/24 18:39:19:728 - Destravar
24/01/24 18:39:19:732 -    MoverStringParaPChar. StrLen:534, BufLen:0
24/01/24 18:39:19:734 -    SetRetorno(0, )
24/01/24 18:39:19:737 - LIB_UltimoRetorno
24/01/24 18:39:19:740 -    MoverStringParaPChar. StrLen:0, BufLen:534
24/01/24 18:39:19:743 -    Codigo:0, Mensagem:
24/01/24 18:39:19:745 - LIB_Finalizar
24/01/24 18:39:19:749 - Finalizar
24/01/24 18:40:24:449 - TLibConsultaCNPJConfig.AplicarConfiguracoes: C:\ACBrLibConsultaCNPJPython\ACBrConsultaCNPJ.INI
24/01/24 18:40:24:452 - TLibConsultaCNPJConfig.Gravar: C:\ACBrLibConsultaCNPJPython\ACBrConsultaCNPJ.INI
24/01/24 18:40:24:466 - TLibConsultaCNPJConfig.Gravar - Feito
24/01/24 18:40:24:470 - TLibConsultaCNPJConfig.AplicarConfiguracoes - Feito
24/01/24 18:40:24:473 - TLibConsultaCNPJConfig.Ler - Feito
24/01/24 18:40:24:477 - LIB_Inicializar( C:\ACBrLibConsultaCNPJPython\ACBrConsultaCNPJ.INI,  )
24/01/24 18:40:24:480 -    ACBrLibConsultaCNPJ - 0.0.0.40
24/01/24 18:40:24:483 - CNPJ_Consultar ( 27329866000105,2 )
24/01/24 18:40:24:484 - Travar
24/01/24 18:40:25:079 - Destravar
24/01/24 18:40:25:085 -    MoverStringParaPChar. StrLen:534, BufLen:0
24/01/24 18:40:25:088 -    SetRetorno(0, )
24/01/24 18:40:25:092 - LIB_UltimoRetorno
24/01/24 18:40:25:094 -    MoverStringParaPChar. StrLen:0, BufLen:534
24/01/24 18:40:25:098 -    Codigo:0, Mensagem:
24/01/24 18:40:25:099 - LIB_Finalizar
24/01/24 18:40:25:102 - Finalizar
24/01/24 18:41:15:082 - TLibConsultaCNPJConfig.AplicarConfiguracoes: C:\ACBrLibConsultaCNPJPython\ACBrConsultaCNPJ.INI
24/01/24 18:41:15:087 - TLibConsultaCNPJConfig.Gravar: C:\ACBrLibConsultaCNPJPython\ACBrConsultaCNPJ.INI
24/01/24 18:41:15:114 - TLibConsultaCNPJConfig.Gravar - Feito
24/01/24 18:41:15:121 - TLibConsultaCNPJConfig.AplicarConfiguracoes - Feito
24/01/24 18:41:15:125 - TLibConsultaCNPJConfig.Ler - Feito
24/01/24 18:41:15:128 - LIB_Inicializar( C:\ACBrLibConsultaCNPJPython\ACBrConsultaCNPJ.INI,  )
24/01/24 18:41:15:134 -    ACBrLibConsultaCNPJ - 0.0.0.40
24/01/24 18:41:15:137 - CNPJ_Consultar ( 27329866000105,2 )
24/01/24 18:41:15:139 - Travar
24/01/24 18:41:15:736 - Destravar
24/01/24 18:41:15:739 -    MoverStringParaPChar. StrLen:534, BufLen:0
24/01/24 18:41:15:742 -    SetRetorno(0, )
24/01/24 18:41:15:746 - LIB_UltimoRetorno
24/01/24 18:41:15:749 -    MoverStringParaPChar. StrLen:0, BufLen:534
24/01/24 18:41:15:752 -    Codigo:0, Mensagem:
24/01/24 18:41:15:754 - LIB_Finalizar
24/01/24 18:41:15:756 - Finalizar
