06/01/24 16:28:04:167 - TLibConsultaCNPJConfig.AplicarConfiguracoes: C:\ACBrLibConsultaCNPJPython\ACBrConsultaCNPJ.INI
06/01/24 16:28:04:170 - TLibConsultaCNPJConfig.Gravar: C:\ACBrLibConsultaCNPJPython\ACBrConsultaCNPJ.INI
06/01/24 16:28:04:183 - TLibConsultaCNPJConfig.Gravar - Feito
06/01/24 16:28:04:186 - TLibConsultaCNPJConfig.AplicarConfiguracoes - Feito
06/01/24 16:28:04:188 - TLibConsultaCNPJConfig.Ler - Feito
06/01/24 16:28:04:193 - LIB_Inicializar( C:\ACBrLibConsultaCNPJPython\ACBrConsultaCNPJ.INI,  )
06/01/24 16:28:04:197 -    ACBrLibConsultaCNPJ - 0.0.0.36
06/01/24 16:28:04:204 -    SetRetorno(-10, Access violation)
06/01/24 16:28:04:206 - LIB_Finalizar
06/01/24 16:28:04:208 - Finalizar
06/01/24 16:32:09:736 - TLibConsultaCNPJConfig.AplicarConfiguracoes: C:\ACBrLibConsultaCNPJPython\ACBrConsultaCNPJ.INI
06/01/24 16:32:09:738 - TLibConsultaCNPJConfig.Gravar: C:\ACBrLibConsultaCNPJPython\ACBrConsultaCNPJ.INI
06/01/24 16:32:09:752 - TLibConsultaCNPJConfig.Gravar - Feito
06/01/24 16:32:09:755 - TLibConsultaCNPJConfig.AplicarConfiguracoes - Feito
06/01/24 16:32:09:758 - TLibConsultaCNPJConfig.Ler - Feito
06/01/24 16:32:09:763 - LIB_Inicializar( C:\ACBrLibConsultaCNPJPython\ACBrConsultaCNPJ.INI,  )
06/01/24 16:32:09:766 -    ACBrLibConsultaCNPJ - 0.0.0.36
06/01/24 16:32:09:770 -    SetRetorno(-10, Access violation)
06/01/24 16:32:09:773 - LIB_Finalizar
06/01/24 16:32:09:777 - Finalizar
